2020/04/02 12:34:33 text to append
2020/04/02 12:34:33 more text to append
2020/04/02 12:34:33 time=, IP=,requestid=, referer=, method=, host=, uri=, 
key=, status=, error=,
headers=

2020/04/02 12:34:33 text to append
2020/04/02 12:34:33 more text to append
2020/04/02 12:34:33 time=, IP=,requestid=, referer=, method=, host=, uri=, 
key=, status=, error=,
headers=

2020/04/02 12:35:00 text to append
2020/04/02 12:35:00 more text to append
2020/04/02 12:35:00 time=, IP=,requestid=, referer=, method=, host=, uri=, 
key=, status=, error=,
headers=

2020/04/02 12:35:00 text to append
2020/04/02 12:35:00 more text to append
2020/04/02 12:35:00 time=, IP=,requestid=, referer=, method=, host=, uri=, 
key=, status=, error=,
headers=

2020/04/02 12:38:47 text to append
2020/04/02 12:38:47 more text to append
2020/04/02 12:38:47 time=, IP=,requestid=, referer=, method=, host=, uri=, 
key=, status=, error=,
headers=

2020/04/02 12:38:47 text to append
2020/04/02 12:38:47 more text to append
2020/04/02 12:38:47 time=, IP=,requestid=, referer=, method=, host=, uri=, 
key=, status=, error=,
headers=

2020/04/02 12:38:56 text to append
2020/04/02 12:38:56 more text to append
2020/04/02 12:38:56 time=, IP=,requestid=, referer=, method=, host=, uri=, 
key=, status=, error=,
headers=

2020/04/02 12:38:56 text to append
2020/04/02 12:38:56 more text to append
2020/04/02 12:38:56 time=, IP=,requestid=, referer=, method=, host=, uri=, 
key=, status=, error=,
headers=

2020/04/02 12:41:22 text to append
2020/04/02 12:41:22 more text to append
2020/04/02 12:41:22 time=, IP=,requestid=, referer=, method=, host=, uri=, 
key=, status=, error=,
headers=

2020/04/02 12:41:22 text to append
2020/04/02 12:41:22 more text to append
2020/04/02 12:41:22 time=, IP=,requestid=, referer=, method=, host=, uri=, 
key=, status=, error=,
headers=

2020/04/02 12:41:25 text to append
2020/04/02 12:41:25 more text to append
2020/04/02 12:41:25 time=, IP=,requestid=, referer=, method=, host=, uri=, 
key=, status=, error=,
headers=

2020/04/02 12:44:11 text to append
2020/04/02 12:44:11 more text to append
2020/04/02 12:44:11 time=, IP=,requestid=, referer=, method=, host=, uri=, 
key=, status=, error=,
headers=

2020/04/02 12:45:47 text to append
2020/04/02 12:45:47 more text to append
2020/04/02 12:45:47 time=, IP=,requestid=, referer=, method=, host=, uri=, 
key=, status=, error=,
headers=

2020/04/02 12:46:13 text to append
2020/04/02 12:46:13 more text to append
2020/04/02 12:46:13 time=, IP=,requestid=, referer=, method=, host=, uri=, 
key=, status=, error=,
headers=

2020/04/02 12:46:15 text to append
2020/04/02 12:46:15 more text to append
2020/04/02 12:46:15 time=, IP=,requestid=, referer=, method=, host=, uri=, 
key=, status=, error=,
headers=

2020/04/02 12:51:34 text to append
2020/04/02 12:51:34 more text to append
2020/04/02 12:51:34 time=, IP=,requestid=, referer=, method=, host=, uri=, 
key=, status=, error=,
headers=

2020/04/02 12:53:06 text to append
2020/04/02 12:53:06 more text to append
2020/04/02 12:53:06 time=, IP=,requestid=, referer=, method=, host=, uri=, 
key=, status=, error=,
headers=

2020/04/02 12:56:53 text to append
2020/04/02 12:56:53 more text to append
2020/04/02 12:56:53 time=, IP=,requestid=, referer=, method=, host=, uri=, 
key=, status=, error=,
headers=

2020/04/02 12:57:47 text to append
2020/04/02 12:57:47 more text to append
2020/04/02 12:57:47 time=, IP=,requestid=, referer=, method=, host=, uri=, 
key=, status=, error=,
headers=

2020/04/02 12:57:48 text to append
2020/04/02 12:57:48 more text to append
2020/04/02 12:57:48 time=, IP=,requestid=, referer=, method=, host=, uri=, 
key=, status=, error=,
headers=

2020/04/02 12:57:56 text to append
2020/04/02 12:57:56 more text to append
2020/04/02 12:57:56 time=, IP=,requestid=, referer=, method=, host=, uri=, 
key=, status=, error=,
headers=

2020/04/02 12:57:59 text to append
2020/04/02 12:57:59 more text to append
2020/04/02 12:57:59 time=, IP=,requestid=, referer=, method=, host=, uri=, 
key=, status=, error=,
headers=

2020/04/02 12:57:59 text to append
2020/04/02 12:57:59 more text to append
2020/04/02 12:57:59 time=, IP=,requestid=, referer=, method=, host=, uri=, 
key=, status=, error=,
headers=

2020/04/02 12:58:24 text to append
2020/04/02 12:58:24 more text to append
2020/04/02 12:58:24 time=, IP=,requestid=, referer=, method=, host=, uri=, 
key=, status=, error=,
headers=

2020/04/02 12:58:24 text to append
2020/04/02 12:58:24 more text to append
2020/04/02 12:58:24 time=, IP=,requestid=, referer=, method=, host=, uri=, 
key=, status=, error=,
headers=

2020/04/02 12:58:24 text to append
2020/04/02 12:58:24 more text to append
2020/04/02 12:58:24 time=, IP=,requestid=, referer=, method=, host=, uri=, 
key=, status=, error=,
headers=

2020/04/02 12:58:24 text to append
2020/04/02 12:58:24 more text to append
2020/04/02 12:58:24 time=, IP=,requestid=, referer=, method=, host=, uri=, 
key=, status=, error=,
headers=

2020/04/02 12:58:24 text to append
2020/04/02 12:58:24 more text to append
2020/04/02 12:58:24 time=, IP=,requestid=, referer=, method=, host=, uri=, 
key=, status=, error=,
headers=

2020/04/02 12:58:24 text to append
2020/04/02 12:58:24 more text to append
2020/04/02 12:58:24 time=, IP=,requestid=, referer=, method=, host=, uri=, 
key=, status=, error=,
headers=

2020/04/02 13:00:04 text to append
2020/04/02 13:00:04 more text to append
2020/04/02 13:00:04 time=, IP=,requestid=, referer=, method=, host=, uri=, 
key=, status=, error=,
headers=

2020/04/02 13:00:05 text to append
2020/04/02 13:00:05 more text to append
2020/04/02 13:00:05 time=, IP=,requestid=, referer=, method=, host=, uri=, 
key=, status=, error=,
headers=

2020/04/02 13:00:54 text to append
2020/04/02 13:00:54 more text to append
2020/04/02 13:00:54 time=, IP=,requestid=, referer=, method=, host=, uri=, 
key=, status=, error=,
headers=

2020/04/02 13:00:55 text to append
2020/04/02 13:00:55 more text to append
2020/04/02 13:00:55 time=, IP=,requestid=, referer=, method=, host=, uri=, 
key=, status=, error=,
headers=

2020/04/02 13:01:31 text to append
2020/04/02 13:01:31 more text to append
2020/04/02 13:01:31 time=, IP=,requestid=, referer=, method=, host=, uri=, 
key=, status=, error=,
headers=

2020/04/02 13:01:32 text to append
2020/04/02 13:01:32 more text to append
2020/04/02 13:01:32 time=, IP=,requestid=, referer=, method=, host=, uri=, 
key=, status=, error=,
headers=

2020/04/02 13:01:50 text to append
2020/04/02 13:01:50 more text to append
2020/04/02 13:01:50 time=, IP=,requestid=, referer=, method=, host=, uri=, 
key=, status=, error=,
headers=

2020/04/02 13:01:51 text to append
2020/04/02 13:01:51 more text to append
2020/04/02 13:01:51 time=, IP=,requestid=, referer=, method=, host=, uri=, 
key=, status=, error=,
headers=

2020/04/02 13:02:45 text to append
2020/04/02 13:02:45 more text to append
2020/04/02 13:02:45 time=, IP=,requestid=, referer=, method=, host=, uri=, 
key=, status=, error=,
headers=

2020/04/02 13:02:46 text to append
2020/04/02 13:02:46 more text to append
2020/04/02 13:02:46 time=, IP=,requestid=, referer=, method=, host=, uri=, 
key=, status=, error=,
headers=

2020/04/02 13:02:59 text to append
2020/04/02 13:02:59 more text to append
2020/04/02 13:02:59 time=, IP=,requestid=, referer=, method=, host=, uri=, 
key=, status=, error=,
headers=

2020/04/02 13:03:00 text to append
2020/04/02 13:03:00 more text to append
2020/04/02 13:03:00 time=, IP=,requestid=, referer=, method=, host=, uri=, 
key=, status=, error=,
headers=

2020/04/02 13:03:26 text to append
2020/04/02 13:03:26 more text to append
2020/04/02 13:03:26 time=, IP=,requestid=, referer=, method=, host=, uri=, 
key=, status=, error=,
headers=

2020/04/02 13:03:27 text to append
2020/04/02 13:03:27 more text to append
2020/04/02 13:03:27 time=, IP=,requestid=, referer=, method=, host=, uri=, 
key=, status=, error=,
headers=

2020/04/02 13:06:02 text to append
2020/04/02 13:06:02 more text to append
2020/04/02 13:06:02 time=, IP=,requestid=, referer=, method=, host=, uri=, 
key=, status=, error=,
headers=

2020/04/02 13:06:03 text to append
2020/04/02 13:06:03 more text to append
2020/04/02 13:06:03 time=, IP=,requestid=, referer=, method=, host=, uri=, 
key=, status=, error=,
headers=

2020/04/02 13:09:41 text to append
2020/04/02 13:09:41 more text to append
2020/04/02 13:09:41 time=, IP=,requestid=, referer=, method=, host=, uri=, 
key=, status=, error=,
headers=

2020/04/02 13:09:42 text to append
2020/04/02 13:09:42 more text to append
2020/04/02 13:09:42 time=, IP=,requestid=, referer=, method=, host=, uri=, 
key=, status=, error=,
headers=

2020/04/02 13:10:44 text to append
2020/04/02 13:10:44 more text to append
2020/04/02 13:10:44 time=, IP=,requestid=, referer=, method=, host=, uri=, 
key=, status=, error=,
headers=

2020/04/02 13:10:45 text to append
2020/04/02 13:10:45 more text to append
2020/04/02 13:10:45 time=, IP=,requestid=, referer=, method=, host=, uri=, 
key=, status=, error=,
headers=

2020/04/02 13:13:39 text to append
2020/04/02 13:13:39 more text to append
2020/04/02 13:13:39 time=, IP=,requestid=, referer=, method=, host=, uri=, 
key=, status=, error=,
headers=

2020/04/02 13:13:40 text to append
2020/04/02 13:13:40 more text to append
2020/04/02 13:13:40 time=, IP=,requestid=, referer=, method=, host=, uri=, 
key=, status=, error=,
headers=

2020/04/02 13:14:02 text to append
2020/04/02 13:14:02 more text to append
2020/04/02 13:14:02 time=, IP=,requestid=, referer=, method=, host=, uri=, 
key=, status=, error=,
headers=

2020/04/02 13:14:03 text to append
2020/04/02 13:14:03 more text to append
2020/04/02 13:14:03 time=, IP=,requestid=, referer=, method=, host=, uri=, 
key=, status=, error=,
headers=

2020/04/02 13:16:10 text to append
2020/04/02 13:16:10 more text to append
2020/04/02 13:16:10 time=, IP=,requestid=, referer=, method=, host=, uri=, 
key=, status=, error=,
headers=

2020/04/02 13:16:10 text to append
2020/04/02 13:16:10 more text to append
2020/04/02 13:16:10 text to append
2020/04/02 13:16:10 more text to append
2020/04/02 13:16:10 text to append
2020/04/02 13:16:10 time=, IP=,requestid=, referer=, method=, host=, uri=, 
key=, status=, error=,
headers=

2020/04/02 13:16:10 more text to append
2020/04/02 13:16:10 time=, IP=,requestid=, referer=, method=, host=, uri=, 
key=, status=, error=,
headers=

2020/04/02 13:16:10 time=, IP=,requestid=, referer=, method=, host=, uri=, 
key=, status=, error=,
headers=

2020/04/02 13:16:10 text to append
2020/04/02 13:16:10 more text to append
2020/04/02 13:16:10 time=, IP=,requestid=, referer=, method=, host=, uri=, 
key=, status=, error=,
headers=

2020/04/02 13:16:11 text to append
2020/04/02 13:16:11 more text to append
2020/04/02 13:16:11 time=, IP=,requestid=, referer=, method=, host=, uri=, 
key=, status=, error=,
headers=

2020/04/02 13:16:38 text to append
2020/04/02 13:16:38 more text to append
2020/04/02 13:16:38 time=, IP=,requestid=, referer=, method=, host=, uri=, 
key=, status=, error=,
headers=

2020/04/02 13:16:39 text to append
2020/04/02 13:16:39 more text to append
2020/04/02 13:16:39 time=, IP=,requestid=, referer=, method=, host=, uri=, 
key=, status=, error=,
headers=

2020/04/02 13:16:39 text to append
2020/04/02 13:16:39 more text to append
2020/04/02 13:16:39 time=, IP=,requestid=, referer=, method=, host=, uri=, 
key=, status=, error=,
headers=

2020/04/02 13:16:39 text to append
2020/04/02 13:16:39 more text to append
2020/04/02 13:16:39 time=, IP=,requestid=, referer=, method=, host=, uri=, 
key=, status=, error=,
headers=

2020/04/02 13:16:39 text to append
2020/04/02 13:16:39 more text to append
2020/04/02 13:16:39 time=, IP=,requestid=, referer=, method=, host=, uri=, 
key=, status=, error=,
headers=

2020/04/02 13:16:39 text to append
2020/04/02 13:16:39 more text to append
2020/04/02 13:16:39 time=, IP=,requestid=, referer=, method=, host=, uri=, 
key=, status=, error=,
headers=

2020/04/02 13:19:09 text to append
2020/04/02 13:19:09 more text to append
2020/04/02 13:19:09 time=, IP=,requestid=, referer=, method=, host=, uri=, 
key=, status=, error=,
headers=

2020/04/02 13:19:11 text to append
2020/04/02 13:19:11 more text to append
2020/04/02 13:19:11 time=, IP=,requestid=, referer=, method=, host=, uri=, 
key=, status=, error=,
headers=

2020/04/02 13:19:18 text to append
2020/04/02 13:19:18 more text to append
2020/04/02 13:19:18 time=, IP=,requestid=, referer=, method=, host=, uri=, 
key=, status=, error=,
headers=

2020/04/02 13:19:18 text to append
2020/04/02 13:19:18 more text to append
2020/04/02 13:19:18 time=, IP=,requestid=, referer=, method=, host=, uri=, 
key=, status=, error=,
headers=

2020/04/02 13:19:18 text to append
2020/04/02 13:19:18 more text to append
2020/04/02 13:19:18 time=, IP=,requestid=, referer=, method=, host=, uri=, 
key=, status=, error=,
headers=

2020/04/02 13:19:18 text to append
2020/04/02 13:19:18 more text to append
2020/04/02 13:19:18 time=, IP=,requestid=, referer=, method=, host=, uri=, 
key=, status=, error=,
headers=

2020/04/02 13:19:18 text to append
2020/04/02 13:19:18 more text to append
2020/04/02 13:19:18 time=, IP=,requestid=, referer=, method=, host=, uri=, 
key=, status=, error=,
headers=

2020/04/02 13:19:18 text to append
2020/04/02 13:19:18 more text to append
2020/04/02 13:19:18 time=, IP=,requestid=, referer=, method=, host=, uri=, 
key=, status=, error=,
headers=

2020/04/02 13:20:13 text to append
2020/04/02 13:20:13 more text to append
2020/04/02 13:20:13 time=, IP=,requestid=, referer=, method=, host=, uri=, 
key=, status=, error=,
headers=

2020/04/02 13:20:13 text to append
2020/04/02 13:20:13 more text to append
2020/04/02 13:20:13 text to append
2020/04/02 13:20:13 time=, IP=,requestid=, referer=, method=, host=, uri=, 
key=, status=, error=,
headers=

2020/04/02 13:20:13 more text to append
2020/04/02 13:20:13 time=, IP=,requestid=, referer=, method=, host=, uri=, 
key=, status=, error=,
headers=

2020/04/02 13:20:13 text to append
2020/04/02 13:20:13 more text to append
2020/04/02 13:20:13 time=, IP=,requestid=, referer=, method=, host=, uri=, 
key=, status=, error=,
headers=

2020/04/02 13:20:13 text to append
2020/04/02 13:20:13 more text to append
2020/04/02 13:20:13 time=, IP=,requestid=, referer=, method=, host=, uri=, 
key=, status=, error=,
headers=

2020/04/02 13:20:14 text to append
2020/04/02 13:20:14 more text to append
2020/04/02 13:20:14 time=, IP=,requestid=, referer=, method=, host=, uri=, 
key=, status=, error=,
headers=

2020/04/02 13:20:57 text to append
2020/04/02 13:20:57 more text to append
2020/04/02 13:20:57 time=, IP=,requestid=, referer=, method=, host=, uri=, 
key=, status=, error=,
headers=

2020/04/02 13:20:58 text to append
2020/04/02 13:20:58 more text to append
2020/04/02 13:20:58 time=, IP=,requestid=, referer=, method=, host=, uri=, 
key=, status=, error=,
headers=

2020/04/02 13:20:58 text to append
2020/04/02 13:20:58 more text to append
2020/04/02 13:20:58 time=, IP=,requestid=, referer=, method=, host=, uri=, 
key=, status=, error=,
headers=

2020/04/02 13:20:58 text to append
2020/04/02 13:20:58 more text to append
2020/04/02 13:20:58 time=, IP=,requestid=, referer=, method=, host=, uri=, 
key=, status=, error=,
headers=

2020/04/02 13:20:58 text to append
2020/04/02 13:20:58 more text to append
2020/04/02 13:20:58 time=, IP=,requestid=, referer=, method=, host=, uri=, 
key=, status=, error=,
headers=

2020/04/02 13:20:58 text to append
2020/04/02 13:20:58 more text to append
2020/04/02 13:20:58 time=, IP=,requestid=, referer=, method=, host=, uri=, 
key=, status=, error=,
headers=

2020/04/02 13:23:24 text to append
2020/04/02 13:23:24 more text to append
2020/04/02 13:23:24 time=, IP=,requestid=, referer=, method=, host=, uri=, 
key=, status=, error=,
headers=

2020/04/02 13:23:25 text to append
2020/04/02 13:23:25 more text to append
2020/04/02 13:23:25 time=, IP=,requestid=, referer=, method=, host=, uri=, 
key=, status=, error=,
headers=

2020/04/02 13:25:54 text to append
2020/04/02 13:25:54 more text to append
2020/04/02 13:25:54 time=, IP=,requestid=, referer=, method=, host=, uri=, 
key=, status=, error=,
headers=

2020/04/02 13:25:54 text to append
2020/04/02 13:25:54 more text to append
2020/04/02 13:25:54 time=, IP=,requestid=, referer=, method=, host=, uri=, 
key=, status=, error=,
headers=

2020/04/02 13:25:55 text to append
2020/04/02 13:25:55 more text to append
2020/04/02 13:25:55 time=, IP=,requestid=, referer=, method=, host=, uri=, 
key=, status=, error=,
headers=

2020/04/02 13:25:56 text to append
2020/04/02 13:25:56 more text to append
2020/04/02 13:25:56 time=, IP=,requestid=, referer=, method=, host=, uri=, 
key=, status=, error=,
headers=

2020/04/02 13:26:34 text to append
2020/04/02 13:26:34 more text to append
2020/04/02 13:26:34 time=, IP=,requestid=, referer=, method=, host=, uri=, 
key=, status=, error=,
headers=

2020/04/02 13:26:34 text to append
2020/04/02 13:26:34 more text to append
2020/04/02 13:26:34 time=, IP=,requestid=, referer=, method=, host=, uri=, 
key=, status=, error=,
headers=

2020/04/02 13:26:52 text to append
2020/04/02 13:26:52 more text to append
2020/04/02 13:26:52 time=, IP=,requestid=, referer=, method=, host=, uri=, 
key=, status=, error=,
headers=

2020/04/02 13:28:07 text to append
2020/04/02 13:28:07 more text to append
2020/04/02 13:28:07 time=, IP=,requestid=, referer=, method=, host=, uri=, 
key=, status=, error=,
headers=

2020/04/02 13:28:07 text to append
2020/04/02 13:28:07 more text to append
2020/04/02 13:28:07 time=, IP=,requestid=, referer=, method=, host=, uri=, 
key=, status=, error=,
headers=

2020/04/02 13:28:24 text to append
2020/04/02 13:28:24 more text to append
2020/04/02 13:28:24 time=, IP=,requestid=, referer=, method=, host=, uri=, 
key=, status=, error=,
headers=

2020/04/02 13:28:24 text to append
2020/04/02 13:28:24 more text to append
2020/04/02 13:28:24 time=, IP=,requestid=, referer=, method=, host=, uri=, 
key=, status=, error=,
headers=

2020/04/02 13:28:41 text to append
2020/04/02 13:28:41 more text to append
2020/04/02 13:28:41 time=, IP=,requestid=, referer=, method=, host=, uri=, 
key=, status=, error=,
headers=

2020/04/02 13:30:37 text to append
2020/04/02 13:30:37 more text to append
2020/04/02 13:30:37 time=, IP=,requestid=, referer=, method=, host=, uri=, 
key=, status=, error=,
headers=

2020/04/02 13:30:40 text to append
2020/04/02 13:30:40 more text to append
2020/04/02 13:30:40 time=, IP=,requestid=, referer=, method=, host=, uri=, 
key=, status=, error=,
headers=

2020/04/02 13:33:19 text to append
2020/04/02 13:33:19 more text to append
2020/04/02 13:33:19 time=, IP=,requestid=, referer=, method=, host=, uri=, 
key=, status=, error=,
headers=

2020/04/02 13:33:23 text to append
2020/04/02 13:33:23 more text to append
2020/04/02 13:33:23 time=, IP=,requestid=, referer=, method=, host=, uri=, 
key=, status=, error=,
headers=

2020/04/02 13:33:23 text to append
2020/04/02 13:33:23 more text to append
2020/04/02 13:33:23 time=, IP=,requestid=, referer=, method=, host=, uri=, 
key=, status=, error=,
headers=

2020/04/02 13:52:50 text to append
2020/04/02 13:52:50 more text to append
2020/04/02 13:52:50 time=, IP=,requestid=, referer=, method=, host=, uri=, 
key=, status=, error=,
headers=

2020/04/02 13:52:50 text to append
2020/04/02 13:52:50 more text to append
2020/04/02 13:52:50 time=, IP=,requestid=, referer=, method=, host=, uri=, 
key=, status=, error=,
headers=

2020/04/02 13:52:50 text to append
2020/04/02 13:52:50 more text to append
2020/04/02 13:52:50 time=, IP=,requestid=, referer=, method=, host=, uri=, 
key=, status=, error=,
headers=

2020/04/02 14:29:32 text to append
2020/04/02 14:29:32 more text to append
2020/04/02 14:29:32 time=, IP=,requestid=, referer=, method=, host=, uri=, 
key=, status=, error=,
headers=

2020/04/02 14:29:37 text to append
2020/04/02 14:29:37 more text to append
2020/04/02 14:29:37 time=, IP=,requestid=, referer=, method=, host=, uri=, 
key=, status=, error=,
headers=

2020/04/02 14:29:37 text to append
2020/04/02 14:29:37 more text to append
2020/04/02 14:29:37 time=, IP=,requestid=, referer=, method=, host=, uri=, 
key=, status=, error=,
headers=

2020/04/02 14:29:43 text to append
2020/04/02 14:29:43 more text to append
2020/04/02 14:29:43 time=, IP=,requestid=, referer=, method=, host=, uri=, 
key=, status=, error=,
headers=

2020/04/02 14:29:48 text to append
2020/04/02 14:29:48 more text to append
2020/04/02 14:29:48 time=, IP=,requestid=, referer=, method=, host=, uri=, 
key=, status=, error=,
headers=

2020/04/02 14:29:48 text to append
2020/04/02 14:29:48 more text to append
2020/04/02 14:29:48 time=, IP=,requestid=, referer=, method=, host=, uri=, 
key=, status=, error=,
headers=

2020/04/02 14:30:40 text to append
2020/04/02 14:30:40 more text to append
2020/04/02 14:30:40 time=, IP=,requestid=, referer=, method=, host=, uri=, 
key=, status=, error=,
headers=

2020/04/02 14:31:47 text to append
2020/04/02 14:31:47 more text to append
2020/04/02 14:31:47 time=, IP=,requestid=, referer=, method=, host=, uri=, 
key=, status=, error=,
headers=

2020/04/02 14:32:00 text to append
2020/04/02 14:32:00 more text to append
2020/04/02 14:32:00 time=, IP=,requestid=, referer=, method=, host=, uri=, 
key=, status=, error=,
headers=

2020/04/02 14:34:49 text to append
2020/04/02 14:34:49 more text to append
2020/04/02 14:34:49 time=, IP=,requestid=, referer=, method=, host=, uri=, 
key=, status=, error=,
headers=

2020/04/02 14:35:13 text to append
2020/04/02 14:35:13 more text to append
2020/04/02 14:35:13 time=, IP=,requestid=, referer=, method=, host=, uri=, 
key=, status=, error=,
headers=

2020/04/02 14:35:48 text to append
2020/04/02 14:35:48 more text to append
2020/04/02 14:35:48 time=, IP=,requestid=, referer=, method=, host=, uri=, 
key=, status=, error=,
headers=

2020/04/02 14:39:35 text to append
2020/04/02 14:39:35 more text to append
2020/04/02 14:39:35 time=, IP=,requestid=, referer=, method=, host=, uri=, 
key=, status=, error=,
headers=

2020/04/02 14:39:35 text to append
2020/04/02 14:39:35 more text to append
2020/04/02 14:39:35 time=, IP=,requestid=, referer=, method=, host=, uri=, 
key=, status=, error=,
headers=

2020/04/02 14:39:35 text to append
2020/04/02 14:39:35 more text to append
2020/04/02 14:39:35 time=, IP=,requestid=, referer=, method=, host=, uri=, 
key=, status=, error=,
headers=

2020/04/02 14:39:35 text to append
2020/04/02 14:39:35 more text to append
2020/04/02 14:39:35 time=, IP=,requestid=, referer=, method=, host=, uri=, 
key=, status=, error=,
headers=

2020/04/02 14:39:35 text to append
2020/04/02 14:39:35 more text to append
2020/04/02 14:39:35 time=, IP=,requestid=, referer=, method=, host=, uri=, 
key=, status=, error=,
headers=

2020/04/02 14:39:35 text to append
2020/04/02 14:39:35 more text to append
2020/04/02 14:39:35 time=, IP=,requestid=, referer=, method=, host=, uri=, 
key=, status=, error=,
headers=

2020/04/02 14:39:36 text to append
2020/04/02 14:39:36 more text to append
2020/04/02 14:39:36 time=, IP=,requestid=, referer=, method=, host=, uri=, 
key=, status=, error=,
headers=

2020/04/02 14:39:37 text to append
2020/04/02 14:39:37 more text to append
2020/04/02 14:39:37 time=, IP=,requestid=, referer=, method=, host=, uri=, 
key=, status=, error=,
headers=

2020/04/02 14:45:25 text to append
2020/04/02 14:45:25 more text to append
2020/04/02 14:45:25 time=, IP=,requestid=, referer=, method=, host=, uri=, 
key=, status=, error=,
headers=

2020/04/02 14:45:27 text to append
2020/04/02 14:45:27 more text to append
2020/04/02 14:45:27 time=, IP=,requestid=, referer=, method=, host=, uri=, 
key=, status=, error=,
headers=

2020/04/02 14:45:28 text to append
2020/04/02 14:45:28 more text to append
2020/04/02 14:45:28 time=, IP=,requestid=, referer=, method=, host=, uri=, 
key=, status=, error=,
headers=

2020/04/02 14:45:31 text to append
2020/04/02 14:45:31 more text to append
2020/04/02 14:45:31 time=, IP=,requestid=, referer=, method=, host=, uri=, 
key=, status=, error=,
headers=

2020/04/02 14:45:34 text to append
2020/04/02 14:45:34 more text to append
2020/04/02 14:45:34 time=, IP=,requestid=, referer=, method=, host=, uri=, 
key=, status=, error=,
headers=

2020/04/02 14:45:34 text to append
2020/04/02 14:45:34 more text to append
2020/04/02 14:45:34 time=, IP=,requestid=, referer=, method=, host=, uri=, 
key=, status=, error=,
headers=

2020/04/02 14:45:39 text to append
2020/04/02 14:45:39 more text to append
2020/04/02 14:45:39 time=, IP=,requestid=, referer=, method=, host=, uri=, 
key=, status=, error=,
headers=

2020/04/02 14:45:41 text to append
2020/04/02 14:45:41 more text to append
2020/04/02 14:45:41 time=, IP=,requestid=, referer=, method=, host=, uri=, 
key=, status=, error=,
headers=

2020/04/02 14:45:44 text to append
2020/04/02 14:45:44 more text to append
2020/04/02 14:45:44 time=, IP=,requestid=, referer=, method=, host=, uri=, 
key=, status=, error=,
headers=

2020/04/02 14:45:46 text to append
2020/04/02 14:45:46 more text to append
2020/04/02 14:45:46 time=, IP=,requestid=, referer=, method=, host=, uri=, 
key=, status=, error=,
headers=

2020/04/02 14:46:56 text to append
2020/04/02 14:46:56 more text to append
2020/04/02 14:46:56 time=, IP=,requestid=, referer=, method=, host=, uri=, 
key=, status=, error=,
headers=

2020/04/02 14:46:56 text to append
2020/04/02 14:46:56 more text to append
2020/04/02 14:46:56 time=, IP=,requestid=, referer=, method=, host=, uri=, 
key=, status=, error=,
headers=

2020/04/02 14:46:56 text to append
2020/04/02 14:46:56 more text to append
2020/04/02 14:46:56 time=, IP=,requestid=, referer=, method=, host=, uri=, 
key=, status=, error=,
headers=

2020/04/02 14:46:56 text to append
2020/04/02 14:46:56 more text to append
2020/04/02 14:46:56 time=, IP=,requestid=, referer=, method=, host=, uri=, 
key=, status=, error=,
headers=

2020/04/02 14:46:56 text to append
2020/04/02 14:46:56 more text to append
2020/04/02 14:46:56 time=, IP=,requestid=, referer=, method=, host=, uri=, 
key=, status=, error=,
headers=

2020/04/02 14:46:56 text to append
2020/04/02 14:46:56 more text to append
2020/04/02 14:46:56 text to append
2020/04/02 14:46:56 more text to append
2020/04/02 14:46:56 time=, IP=,requestid=, referer=, method=, host=, uri=, 
key=, status=, error=,
headers=

2020/04/02 14:46:56 time=, IP=,requestid=, referer=, method=, host=, uri=, 
key=, status=, error=,
headers=

2020/04/02 14:48:31 text to append
2020/04/02 14:48:31 more text to append
2020/04/02 14:48:31 time=, IP=,requestid=, referer=, method=, host=, uri=, 
key=, status=, error=,
headers=

2020/04/02 14:48:33 text to append
2020/04/02 14:48:33 more text to append
2020/04/02 14:48:33 time=, IP=,requestid=, referer=, method=, host=, uri=, 
key=, status=, error=,
headers=

2020/04/02 14:48:33 text to append
2020/04/02 14:48:33 more text to append
2020/04/02 14:48:33 time=, IP=,requestid=, referer=, method=, host=, uri=, 
key=, status=, error=,
headers=

2020/04/02 14:48:34 text to append
2020/04/02 14:48:34 more text to append
2020/04/02 14:48:34 time=, IP=,requestid=, referer=, method=, host=, uri=, 
key=, status=, error=,
headers=

2020/04/02 14:48:34 text to append
2020/04/02 14:48:34 more text to append
2020/04/02 14:48:34 time=, IP=,requestid=, referer=, method=, host=, uri=, 
key=, status=, error=,
headers=

2020/04/02 14:48:34 text to append
2020/04/02 14:48:34 more text to append
2020/04/02 14:48:34 time=, IP=,requestid=, referer=, method=, host=, uri=, 
key=, status=, error=,
headers=

2020/04/02 14:48:34 text to append
2020/04/02 14:48:34 more text to append
2020/04/02 14:48:34 time=, IP=,requestid=, referer=, method=, host=, uri=, 
key=, status=, error=,
headers=

2020/04/02 14:48:34 text to append
2020/04/02 14:48:34 more text to append
2020/04/02 14:48:34 time=, IP=,requestid=, referer=, method=, host=, uri=, 
key=, status=, error=,
headers=

2020/04/02 14:48:34 text to append
2020/04/02 14:48:34 more text to append
2020/04/02 14:48:34 time=, IP=,requestid=, referer=, method=, host=, uri=, 
key=, status=, error=,
headers=

2020/04/02 14:48:34 text to append
2020/04/02 14:48:34 more text to append
2020/04/02 14:48:34 time=, IP=,requestid=, referer=, method=, host=, uri=, 
key=, status=, error=,
headers=

2020/04/02 14:48:34 text to append
2020/04/02 14:48:34 more text to append
2020/04/02 14:48:34 time=, IP=,requestid=, referer=, method=, host=, uri=, 
key=, status=, error=,
headers=

2020/04/02 14:48:34 text to append
2020/04/02 14:48:34 more text to append
2020/04/02 14:48:34 time=, IP=,requestid=, referer=, method=, host=, uri=, 
key=, status=, error=,
headers=

2020/04/02 14:48:34 text to append
2020/04/02 14:48:34 more text to append
2020/04/02 14:48:34 time=, IP=,requestid=, referer=, method=, host=, uri=, 
key=, status=, error=,
headers=

2020/04/02 14:48:34 text to append
2020/04/02 14:48:34 more text to append
2020/04/02 14:48:34 time=, IP=,requestid=, referer=, method=, host=, uri=, 
key=, status=, error=,
headers=

2020/04/02 14:48:34 text to append
2020/04/02 14:48:34 more text to append
2020/04/02 14:48:34 time=, IP=,requestid=, referer=, method=, host=, uri=, 
key=, status=, error=,
headers=

2020/04/02 14:48:34 text to append
2020/04/02 14:48:34 more text to append
2020/04/02 14:48:34 time=, IP=,requestid=, referer=, method=, host=, uri=, 
key=, status=, error=,
headers=

2020/04/02 14:48:34 text to append
2020/04/02 14:48:34 more text to append
2020/04/02 14:48:34 time=, IP=,requestid=, referer=, method=, host=, uri=, 
key=, status=, error=,
headers=

2020/04/02 14:48:34 text to append
2020/04/02 14:48:34 more text to append
2020/04/02 14:48:34 time=, IP=,requestid=, referer=, method=, host=, uri=, 
key=, status=, error=,
headers=

2020/04/02 14:48:34 text to append
2020/04/02 14:48:34 more text to append
2020/04/02 14:48:34 time=, IP=,requestid=, referer=, method=, host=, uri=, 
key=, status=, error=,
headers=

2020/04/02 14:48:35 text to append
2020/04/02 14:48:35 more text to append
2020/04/02 14:48:35 time=, IP=,requestid=, referer=, method=, host=, uri=, 
key=, status=, error=,
headers=

2020/04/02 14:48:36 text to append
2020/04/02 14:48:36 more text to append
2020/04/02 14:48:36 time=, IP=,requestid=, referer=, method=, host=, uri=, 
key=, status=, error=,
headers=

2020/04/02 14:48:37 text to append
2020/04/02 14:48:37 more text to append
2020/04/02 14:48:37 time=, IP=,requestid=, referer=, method=, host=, uri=, 
key=, status=, error=,
headers=

2020/04/02 14:49:06 text to append
2020/04/02 14:49:06 more text to append
2020/04/02 14:49:06 time=, IP=,requestid=, referer=, method=, host=, uri=, 
key=, status=, error=,
headers=

2020/04/02 14:49:59 text to append
2020/04/02 14:49:59 more text to append
2020/04/02 14:49:59 time=, IP=,requestid=, referer=, method=, host=, uri=, 
key=, status=, error=,
headers=

2020/04/02 14:49:59 text to append
2020/04/02 14:49:59 more text to append
2020/04/02 14:49:59 time=, IP=,requestid=, referer=, method=, host=, uri=, 
key=, status=, error=,
headers=

2020/04/02 14:49:59 text to append
2020/04/02 14:49:59 more text to append
2020/04/02 14:49:59 time=, IP=,requestid=, referer=, method=, host=, uri=, 
key=, status=, error=,
headers=

2020/04/02 14:50:04 text to append
2020/04/02 14:50:04 more text to append
2020/04/02 14:50:04 time=, IP=,requestid=, referer=, method=, host=, uri=, 
key=, status=, error=,
headers=

2020/04/02 14:50:12 text to append
2020/04/02 14:50:12 more text to append
2020/04/02 14:50:12 time=, IP=,requestid=, referer=, method=, host=, uri=, 
key=, status=, error=,
headers=

2020/04/02 14:50:15 text to append
2020/04/02 14:50:15 more text to append
2020/04/02 14:50:15 time=, IP=,requestid=, referer=, method=, host=, uri=, 
key=, status=, error=,
headers=

2020/04/02 14:50:16 text to append
2020/04/02 14:50:16 more text to append
2020/04/02 14:50:16 time=, IP=,requestid=, referer=, method=, host=, uri=, 
key=, status=, error=,
headers=

2020/04/02 14:50:32 text to append
2020/04/02 14:50:32 more text to append
2020/04/02 14:50:32 time=, IP=,requestid=, referer=, method=, host=, uri=, 
key=, status=, error=,
headers=

2020/04/02 14:50:34 text to append
2020/04/02 14:50:34 more text to append
2020/04/02 14:50:34 time=, IP=,requestid=, referer=, method=, host=, uri=, 
key=, status=, error=,
headers=

2020/04/02 14:51:51 text to append
2020/04/02 14:51:51 more text to append
2020/04/02 14:51:51 time=, IP=,requestid=, referer=, method=, host=, uri=, 
key=, status=, error=,
headers=

2020/04/02 14:51:52 text to append
2020/04/02 14:51:52 more text to append
2020/04/02 14:51:52 time=, IP=,requestid=, referer=, method=, host=, uri=, 
key=, status=, error=,
headers=

2020/04/02 14:51:53 text to append
2020/04/02 14:51:53 more text to append
2020/04/02 14:51:53 time=, IP=,requestid=, referer=, method=, host=, uri=, 
key=, status=, error=,
headers=

2020/04/02 14:51:54 text to append
2020/04/02 14:51:54 more text to append
2020/04/02 14:51:54 time=, IP=,requestid=, referer=, method=, host=, uri=, 
key=, status=, error=,
headers=

2020/04/02 14:52:06 text to append
2020/04/02 14:52:06 more text to append
2020/04/02 14:52:06 time=, IP=,requestid=, referer=, method=, host=, uri=, 
key=, status=, error=,
headers=

2020/04/02 14:52:06 text to append
2020/04/02 14:52:06 more text to append
2020/04/02 14:52:06 time=, IP=,requestid=, referer=, method=, host=, uri=, 
key=, status=, error=,
headers=

2020/04/02 14:52:06 text to append
2020/04/02 14:52:06 more text to append
2020/04/02 14:52:06 time=, IP=,requestid=, referer=, method=, host=, uri=, 
key=, status=, error=,
headers=

2020/04/02 14:52:06 text to append
2020/04/02 14:52:06 more text to append
2020/04/02 14:52:06 time=, IP=,requestid=, referer=, method=, host=, uri=, 
key=, status=, error=,
headers=

2020/04/02 14:52:06 text to append
2020/04/02 14:52:06 more text to append
2020/04/02 14:52:06 time=, IP=,requestid=, referer=, method=, host=, uri=, 
key=, status=, error=,
headers=

2020/04/02 14:52:06 text to append
2020/04/02 14:52:06 more text to append
2020/04/02 14:52:06 time=, IP=,requestid=, referer=, method=, host=, uri=, 
key=, status=, error=,
headers=

2020/04/02 14:52:08 text to append
2020/04/02 14:52:08 more text to append
2020/04/02 14:52:08 time=, IP=,requestid=, referer=, method=, host=, uri=, 
key=, status=, error=,
headers=

2020/04/02 14:52:10 text to append
2020/04/02 14:52:10 more text to append
2020/04/02 14:52:10 time=, IP=,requestid=, referer=, method=, host=, uri=, 
key=, status=, error=,
headers=

2020/04/02 14:52:11 text to append
2020/04/02 14:52:11 more text to append
2020/04/02 14:52:11 time=, IP=,requestid=, referer=, method=, host=, uri=, 
key=, status=, error=,
headers=

2020/04/02 14:52:19 text to append
2020/04/02 14:52:19 more text to append
2020/04/02 14:52:19 time=, IP=,requestid=, referer=, method=, host=, uri=, 
key=, status=, error=,
headers=

2020/04/02 14:52:21 text to append
2020/04/02 14:52:21 more text to append
2020/04/02 14:52:21 time=, IP=,requestid=, referer=, method=, host=, uri=, 
key=, status=, error=,
headers=

2020/04/02 14:59:40 text to append
2020/04/02 14:59:40 more text to append
2020/04/02 14:59:40 time=, IP=,requestid=, referer=, method=, host=, uri=, 
key=, status=, error=,
headers=

2020/04/02 14:59:41 text to append
2020/04/02 14:59:41 more text to append
2020/04/02 14:59:41 time=, IP=,requestid=, referer=, method=, host=, uri=, 
key=, status=, error=,
headers=

2020/04/02 14:59:46 text to append
2020/04/02 14:59:46 more text to append
2020/04/02 14:59:46 time=, IP=,requestid=, referer=, method=, host=, uri=, 
key=, status=, error=,
headers=

2020/04/02 14:59:47 text to append
2020/04/02 14:59:47 more text to append
2020/04/02 14:59:47 time=, IP=,requestid=, referer=, method=, host=, uri=, 
key=, status=, error=,
headers=

2020/04/02 15:00:46 text to append
2020/04/02 15:00:46 more text to append
2020/04/02 15:00:46 time=, IP=,requestid=, referer=, method=, host=, uri=, 
key=, status=, error=,
headers=

2020/04/02 15:00:46 text to append
2020/04/02 15:00:46 more text to append
2020/04/02 15:00:46 time=, IP=,requestid=, referer=, method=, host=, uri=, 
key=, status=, error=,
headers=

2020/04/02 15:00:51 text to append
2020/04/02 15:00:51 more text to append
2020/04/02 15:00:51 time=, IP=,requestid=, referer=, method=, host=, uri=, 
key=, status=, error=,
headers=

2020/04/02 15:00:54 text to append
2020/04/02 15:00:54 more text to append
2020/04/02 15:00:54 time=, IP=,requestid=, referer=, method=, host=, uri=, 
key=, status=, error=,
headers=

2020/04/02 15:01:50 text to append
2020/04/02 15:01:50 more text to append
2020/04/02 15:01:50 time=, IP=,requestid=, referer=, method=, host=, uri=, 
key=, status=, error=,
headers=

2020/04/02 15:01:50 text to append
2020/04/02 15:01:50 more text to append
2020/04/02 15:01:50 time=, IP=,requestid=, referer=, method=, host=, uri=, 
key=, status=, error=,
headers=

2020/04/02 15:01:50 text to append
2020/04/02 15:01:50 more text to append
2020/04/02 15:01:50 time=, IP=,requestid=, referer=, method=, host=, uri=, 
key=, status=, error=,
headers=

2020/04/02 15:01:50 text to append
2020/04/02 15:01:50 more text to append
2020/04/02 15:01:50 time=, IP=,requestid=, referer=, method=, host=, uri=, 
key=, status=, error=,
headers=

2020/04/02 15:01:51 text to append
2020/04/02 15:01:51 more text to append
2020/04/02 15:01:51 time=, IP=,requestid=, referer=, method=, host=, uri=, 
key=, status=, error=,
headers=

2020/04/02 15:02:32 text to append
2020/04/02 15:02:32 more text to append
2020/04/02 15:02:32 time=, IP=,requestid=, referer=, method=, host=, uri=, 
key=, status=, error=,
headers=

2020/04/02 15:02:33 text to append
2020/04/02 15:02:33 more text to append
2020/04/02 15:02:33 time=, IP=,requestid=, referer=, method=, host=, uri=, 
key=, status=, error=,
headers=

2020/04/02 15:02:41 text to append
2020/04/02 15:02:41 more text to append
2020/04/02 15:02:41 time=, IP=,requestid=, referer=, method=, host=, uri=, 
key=, status=, error=,
headers=

2020/04/02 15:03:48 text to append
2020/04/02 15:03:48 more text to append
2020/04/02 15:03:48 time=, IP=,requestid=, referer=, method=, host=, uri=, 
key=, status=, error=,
headers=

2020/04/02 15:03:49 text to append
2020/04/02 15:03:49 more text to append
2020/04/02 15:03:49 time=, IP=,requestid=, referer=, method=, host=, uri=, 
key=, status=, error=,
headers=

2020/04/02 15:04:23 text to append
2020/04/02 15:04:23 more text to append
2020/04/02 15:04:23 time=, IP=,requestid=, referer=, method=, host=, uri=, 
key=, status=, error=,
headers=

2020/04/02 15:04:24 text to append
2020/04/02 15:04:24 more text to append
2020/04/02 15:04:24 time=, IP=,requestid=, referer=, method=, host=, uri=, 
key=, status=, error=,
headers=

2020/04/02 15:05:07 text to append
2020/04/02 15:05:07 more text to append
2020/04/02 15:05:07 time=, IP=,requestid=, referer=, method=, host=, uri=, 
key=, status=, error=,
headers=

2020/04/02 15:05:08 text to append
2020/04/02 15:05:08 more text to append
2020/04/02 15:05:08 time=, IP=,requestid=, referer=, method=, host=, uri=, 
key=, status=, error=,
headers=

2020/04/02 15:05:27 text to append
2020/04/02 15:05:27 more text to append
2020/04/02 15:05:27 time=, IP=,requestid=, referer=, method=, host=, uri=, 
key=, status=, error=,
headers=

2020/04/02 15:05:28 text to append
2020/04/02 15:05:28 more text to append
2020/04/02 15:05:28 time=, IP=,requestid=, referer=, method=, host=, uri=, 
key=, status=, error=,
headers=

2020/04/02 15:06:49 text to append
2020/04/02 15:06:49 more text to append
2020/04/02 15:06:49 time=, IP=,requestid=, referer=, method=, host=, uri=, 
key=, status=, error=,
headers=

2020/04/02 15:06:50 text to append
2020/04/02 15:06:50 more text to append
2020/04/02 15:06:50 time=, IP=,requestid=, referer=, method=, host=, uri=, 
key=, status=, error=,
headers=

2020/04/02 15:06:57 text to append
2020/04/02 15:06:57 more text to append
2020/04/02 15:06:57 time=, IP=,requestid=, referer=, method=, host=, uri=, 
key=, status=, error=,
headers=

2020/04/02 15:06:57 text to append
2020/04/02 15:06:57 more text to append
2020/04/02 15:06:57 time=, IP=,requestid=, referer=, method=, host=, uri=, 
key=, status=, error=,
headers=

2020/04/02 15:06:59 text to append
2020/04/02 15:06:59 more text to append
2020/04/02 15:06:59 time=, IP=,requestid=, referer=, method=, host=, uri=, 
key=, status=, error=,
headers=

2020/04/02 15:07:01 text to append
2020/04/02 15:07:01 more text to append
2020/04/02 15:07:01 time=, IP=,requestid=, referer=, method=, host=, uri=, 
key=, status=, error=,
headers=

2020/04/02 15:07:20 text to append
2020/04/02 15:07:20 more text to append
2020/04/02 15:07:20 time=, IP=,requestid=, referer=, method=, host=, uri=, 
key=, status=, error=,
headers=

2020/04/02 15:07:22 text to append
2020/04/02 15:07:22 more text to append
2020/04/02 15:07:22 time=, IP=,requestid=, referer=, method=, host=, uri=, 
key=, status=, error=,
headers=

2020/04/02 15:07:24 text to append
2020/04/02 15:07:24 more text to append
2020/04/02 15:07:24 time=, IP=,requestid=, referer=, method=, host=, uri=, 
key=, status=, error=,
headers=

2020/04/02 15:09:45 text to append
2020/04/02 15:09:45 more text to append
2020/04/02 15:09:45 time=, IP=,requestid=, referer=, method=, host=, uri=, 
key=, status=, error=,
headers=

2020/04/02 15:09:46 text to append
2020/04/02 15:09:46 more text to append
2020/04/02 15:09:46 time=, IP=,requestid=, referer=, method=, host=, uri=, 
key=, status=, error=,
headers=

2020/04/02 15:11:08 text to append
2020/04/02 15:11:08 more text to append
2020/04/02 15:11:08 time=, IP=,requestid=, referer=, method=, host=, uri=, 
key=, status=, error=,
headers=

2020/04/02 15:11:10 text to append
2020/04/02 15:11:10 more text to append
2020/04/02 15:11:10 time=, IP=,requestid=, referer=, method=, host=, uri=, 
key=, status=, error=,
headers=

2020/04/02 15:13:54 text to append
2020/04/02 15:13:54 more text to append
2020/04/02 15:13:54 time=, IP=,requestid=, referer=, method=, host=, uri=, 
key=, status=, error=,
headers=

2020/04/02 15:13:55 text to append
2020/04/02 15:13:55 more text to append
2020/04/02 15:13:55 time=, IP=,requestid=, referer=, method=, host=, uri=, 
key=, status=, error=,
headers=

2020/04/02 15:19:43 text to append
2020/04/02 15:19:43 more text to append
2020/04/02 15:19:43 time=, IP=,requestid=, referer=, method=, host=, uri=, 
key=, status=, error=,
headers=

2020/04/02 15:19:44 text to append
2020/04/02 15:19:44 more text to append
2020/04/02 15:19:44 time=, IP=,requestid=, referer=, method=, host=, uri=, 
key=, status=, error=,
headers=

2020/04/02 15:21:17 text to append
2020/04/02 15:21:17 more text to append
2020/04/02 15:21:17 time=, IP=,requestid=, referer=, method=, host=, uri=, 
key=, status=, error=,
headers=

2020/04/02 15:21:19 text to append
2020/04/02 15:21:19 more text to append
2020/04/02 15:21:19 time=, IP=,requestid=, referer=, method=, host=, uri=, 
key=, status=, error=,
headers=

2020/04/02 15:23:46 text to append
2020/04/02 15:23:46 more text to append
2020/04/02 15:23:46 time=, IP=,requestid=, referer=, method=, host=, uri=, 
key=, status=, error=,
headers=

2020/04/02 15:23:47 text to append
2020/04/02 15:23:47 more text to append
2020/04/02 15:23:47 time=, IP=,requestid=, referer=, method=, host=, uri=, 
key=, status=, error=,
headers=

2020/04/02 15:26:08 text to append
2020/04/02 15:26:08 more text to append
2020/04/02 15:26:08 time=, IP=,requestid=, referer=, method=, host=, uri=, 
key=, status=, error=,
headers=

2020/04/02 15:26:12 text to append
2020/04/02 15:26:12 more text to append
2020/04/02 15:26:12 time=, IP=,requestid=, referer=, method=, host=, uri=, 
key=, status=, error=,
headers=

2020/04/02 15:26:15 text to append
2020/04/02 15:26:15 more text to append
2020/04/02 15:26:15 time=, IP=,requestid=, referer=, method=, host=, uri=, 
key=, status=, error=,
headers=

